<?xml version="1.0" encoding="UTF-8"?>
<!-- Generated by org.testng.reporters.JUnitReportReporter -->
<testsuite hostname="DESKTOP-FVG3B28" failures="0" tests="1" name="orange1.Login" time="24.285" errors="0" timestamp="2023-05-22T17:06:47 IST" skipped="0">
  <testcase classname="orange1.Login" name="orange02" time="24.285"/>
  <system-out/>
</testsuite> <!-- orange1.Login -->
